[debug] [2022-06-11T13:26:52.370Z] ----------------------------------------------------------------------
[debug] [2022-06-11T13:26:52.372Z] Command:       C:\Program Files\nodejs\node.exe C:\Users\mksh4\AppData\Roaming\npm\node_modules\firebase-tools\lib\bin\firebase.js emulators:start
[debug] [2022-06-11T13:26:52.373Z] CLI Version:   11.0.1
[debug] [2022-06-11T13:26:52.373Z] Platform:      win32
[debug] [2022-06-11T13:26:52.373Z] Node Version:  v16.13.2
[debug] [2022-06-11T13:26:52.374Z] Time:          Sat Jun 11 2022 18:56:52 GMT+0530 (India Standard Time)
[debug] [2022-06-11T13:26:52.374Z] ----------------------------------------------------------------------
[debug] 
[debug] [2022-06-11T13:26:52.465Z] > command requires scopes: ["email","openid","https://www.googleapis.com/auth/cloudplatformprojects.readonly","https://www.googleapis.com/auth/firebase","https://www.googleapis.com/auth/cloud-platform"]
[debug] [2022-06-11T13:26:52.465Z] > authorizing via signed-in user (mksh400@gmail.com)
[info] i  emulators: Starting emulators: functions, hosting {"metadata":{"emulator":{"name":"hub"},"message":"Starting emulators: functions, hosting"}}
[debug] [2022-06-11T13:26:52.525Z] [hub] writing locator at C:\Users\mksh4\AppData\Local\Temp\hub-ecommerce-webapp-c76ae.json
[warn] !  functions: The following emulators are not running, calls to these services from the Functions emulator will affect production: auth, firestore, database, pubsub, storage {"metadata":{"emulator":{"name":"functions"},"message":"The following emulators are not running, calls to these services from the Functions emulator will affect production: \u001b[1mauth, firestore, database, pubsub, storage\u001b[22m"}}
[info] +  functions: Using node@16 from host. {"metadata":{"emulator":{"name":"functions"},"message":"Using node@16 from host."}}
[debug] [2022-06-11T13:26:52.568Z] defaultcredentials: writing to file C:\Users\mksh4\AppData\Roaming\firebase\mksh400_gmail_com_application_default_credentials.json
[debug] [2022-06-11T13:26:52.570Z] Setting GAC to C:\Users\mksh4\AppData\Roaming\firebase\mksh400_gmail_com_application_default_credentials.json {"metadata":{"emulator":{"name":"functions"},"message":"Setting GAC to C:\\Users\\mksh4\\AppData\\Roaming\\firebase\\mksh400_gmail_com_application_default_credentials.json"}}
[debug] [2022-06-11T13:26:52.574Z] >>> [apiv2][query] GET https://firebase.googleapis.com/v1beta1/projects/ecommerce-webapp-c76ae/adminSdkConfig [none]
[debug] [2022-06-11T13:26:53.010Z] <<< [apiv2][status] GET https://firebase.googleapis.com/v1beta1/projects/ecommerce-webapp-c76ae/adminSdkConfig 200
[debug] [2022-06-11T13:26:53.012Z] <<< [apiv2][body] GET https://firebase.googleapis.com/v1beta1/projects/ecommerce-webapp-c76ae/adminSdkConfig {"projectId":"ecommerce-webapp-c76ae","storageBucket":"ecommerce-webapp-c76ae.appspot.com","locationId":"us-central"}
[debug] [2022-06-11T13:26:53.076Z] >>> [apiv2][query] GET https://firebasehosting.googleapis.com/v1beta1/projects/ecommerce-webapp-c76ae/sites 
[debug] [2022-06-11T13:26:55.038Z] <<< [apiv2][status] GET https://firebasehosting.googleapis.com/v1beta1/projects/ecommerce-webapp-c76ae/sites 200
[debug] [2022-06-11T13:26:55.040Z] <<< [apiv2][body] GET https://firebasehosting.googleapis.com/v1beta1/projects/ecommerce-webapp-c76ae/sites {"sites":[{"name":"projects/ecommerce-webapp-c76ae/sites/ecommerce-webapp-c76ae","defaultUrl":"https://ecommerce-webapp-c76ae.web.app","appId":"1:732793424263:web:11583fc3f3a5778ab22b22","type":"DEFAULT_SITE"}]}
[debug] [2022-06-11T13:26:55.042Z] >>> [apiv2][query] GET https://firebase.googleapis.com/v1beta1/projects/ecommerce-webapp-c76ae/webApps/1:732793424263:web:11583fc3f3a5778ab22b22/config [none]
[debug] [2022-06-11T13:26:56.459Z] <<< [apiv2][status] GET https://firebase.googleapis.com/v1beta1/projects/ecommerce-webapp-c76ae/webApps/1:732793424263:web:11583fc3f3a5778ab22b22/config 200
[debug] [2022-06-11T13:26:56.460Z] <<< [apiv2][body] GET https://firebase.googleapis.com/v1beta1/projects/ecommerce-webapp-c76ae/webApps/1:732793424263:web:11583fc3f3a5778ab22b22/config {"projectId":"ecommerce-webapp-c76ae","appId":"1:732793424263:web:11583fc3f3a5778ab22b22","storageBucket":"ecommerce-webapp-c76ae.appspot.com","locationId":"us-central","apiKey":"AIzaSyBXDq_1-m5RycNiljNM2mtezTVVmr8d66g","authDomain":"ecommerce-webapp-c76ae.firebaseapp.com","messagingSenderId":"732793424263","measurementId":"G-GNMGQ9K044"}
[info] i  hosting: Serving hosting files from: build {"metadata":{"emulator":{"name":"hosting"},"message":"Serving hosting files from: \u001b[1mbuild\u001b[22m"}}
[info] +  hosting: Local server: http://localhost:5000 {"metadata":{"emulator":{"name":"hosting"},"message":"Local server: \u001b[4m\u001b[1mhttp://localhost:5000\u001b[22m\u001b[24m"}}
[debug] [2022-06-11T13:26:56.580Z] Ignoring unsupported arg: auto_download {"metadata":{"emulator":{"name":"ui"},"message":"Ignoring unsupported arg: auto_download"}}
[debug] [2022-06-11T13:26:56.580Z] Ignoring unsupported arg: port {"metadata":{"emulator":{"name":"ui"},"message":"Ignoring unsupported arg: port"}}
[debug] [2022-06-11T13:26:56.581Z] Starting Emulator UI with command {"binary":"node","args":["--dns-result-order=ipv4first","C:\\Users\\mksh4\\.cache\\firebase\\emulators\\ui-v1.7.0\\server.bundle.js"],"optionalArgs":[],"joinArgs":false} {"metadata":{"emulator":{"name":"ui"},"message":"Starting Emulator UI with command {\"binary\":\"node\",\"args\":[\"--dns-result-order=ipv4first\",\"C:\\\\Users\\\\mksh4\\\\.cache\\\\firebase\\\\emulators\\\\ui-v1.7.0\\\\server.bundle.js\"],\"optionalArgs\":[],\"joinArgs\":false}"}}
[info] i  ui: Emulator UI logging to ui-debug.log {"metadata":{"emulator":{"name":"ui"},"message":"Emulator UI logging to \u001b[1mui-debug.log\u001b[22m"}}
[debug] [2022-06-11T13:26:56.781Z] Web / API server started at localhost:4000
 {"metadata":{"emulator":{"name":"ui"},"message":"Web / API server started at localhost:4000\n"}}
[info] i  functions: Watching "D:\All Files\Hasbasoft\Personal\E-Commerce Web App\ecommerce-webapp\functions" for Cloud Functions... {"metadata":{"emulator":{"name":"functions"},"message":"Watching \"D:\\All Files\\Hasbasoft\\Personal\\E-Commerce Web App\\ecommerce-webapp\\functions\" for Cloud Functions..."}}
[debug] [2022-06-11T13:26:56.914Z] Validating nodejs source
[debug] [2022-06-11T13:27:00.125Z] > [functions] package.json contents: {
  "name": "functions",
  "description": "Cloud Functions for Firebase",
  "scripts": {
    "lint": "eslint .",
    "serve": "firebase emulators:start --only functions",
    "shell": "firebase functions:shell",
    "start": "npm run shell",
    "deploy": "firebase deploy --only functions",
    "logs": "firebase functions:log"
  },
  "engines": {
    "node": "16"
  },
  "main": "index.js",
  "dependencies": {
    "cors": "^2.8.5",
    "express": "^4.18.1",
    "firebase-admin": "^10.0.2",
    "firebase-functions": "^3.18.0",
    "stripe": "^9.8.0"
  },
  "devDependencies": {
    "eslint": "^8.9.0",
    "eslint-config-google": "^0.14.0",
    "firebase-functions-test": "^0.2.0"
  },
  "private": true
}
[debug] [2022-06-11T13:27:00.125Z] Building nodejs source
[debug] [2022-06-11T13:27:00.125Z] Analyzing nodejs backend spec
[debug] [2022-06-11T13:27:00.127Z] Could not find functions.yaml. Must use http discovery
[debug] [2022-06-11T13:27:00.424Z] Serving at port 9005

[debug] [2022-06-11T13:27:00.556Z] Got response from /__/functions.yaml {"endpoints":{"api":{"platform":"gcfv1","httpsTrigger":{},"entryPoint":"api"}},"specVersion":"v1alpha1","requiredAPIs":[]}
[debug] [2022-06-11T13:27:00.565Z] shutdown requested via /__/quitquitquit

[info] +  functions[us-central1-api]: http function initialized (http://localhost:5001/ecommerce-webapp-c76ae/us-central1/api). {"metadata":{"emulator":{"name":"functions"},"message":"\u001b[1mhttp\u001b[22m function initialized (http://localhost:5001/ecommerce-webapp-c76ae/us-central1/api)."}}
[info] 
┌─────────────────────────────────────────────────────────────┐
│ ✔  All emulators ready! It is now safe to connect your app. │
│ i  View Emulator UI at http://localhost:4000                │
└─────────────────────────────────────────────────────────────┘

┌───────────┬────────────────┬─────────────────────────────────┐
│ Emulator  │ Host:Port      │ View in Emulator UI             │
├───────────┼────────────────┼─────────────────────────────────┤
│ Functions │ localhost:5001 │ http://localhost:4000/functions │
├───────────┼────────────────┼─────────────────────────────────┤
│ Hosting   │ localhost:5000 │ n/a                             │
└───────────┴────────────────┴─────────────────────────────────┘
  Emulator Hub running at localhost:4400
  Other reserved ports: 4500

Issues? Report them at https://github.com/firebase/firebase-tools/issues and attach the *-debug.log files.
 
[debug] [2022-06-11T13:27:06.717Z] [work-queue] {"queueLength":1,"workRunningCount":0}
[debug] [2022-06-11T13:27:06.718Z] [work-queue] {"queueLength":0,"workRunningCount":1}
[debug] [2022-06-11T13:27:06.720Z] Accepted request GET /ecommerce-webapp-c76ae/us-central1/api --> us-central1-api
[debug] [2022-06-11T13:27:06.756Z] [worker-pool] addWorker(us-central1-api) {"metadata":{"emulator":{"name":"functions"},"message":"[worker-pool] addWorker(us-central1-api)"}}
[debug] [2022-06-11T13:27:06.758Z] [worker-pool] Adding worker with key us-central1-api, total=1 {"metadata":{"emulator":{"name":"functions"},"message":"[worker-pool] Adding worker with key us-central1-api, total=1"}}
[debug] [2022-06-11T13:27:06.759Z] [worker-pool] submitWork(triggerId=us-central1-api) {"metadata":{"emulator":{"name":"functions"},"message":"[worker-pool] submitWork(triggerId=us-central1-api)"}}
[debug] [2022-06-11T13:27:06.760Z] [worker-us-central1-api-f023e6fb-0ae5-4aa9-bbe3-f15dc6d45a73]: Assigning socketPath: \\?\pipe\D:\All Files\Hasbasoft\Personal\E-Commerce Web App\ecommerce-webapp\functions\4112 {"metadata":{"emulator":{"name":"functions"},"message":"[worker-us-central1-api-f023e6fb-0ae5-4aa9-bbe3-f15dc6d45a73]: Assigning socketPath: \\\\?\\pipe\\D:\\All Files\\Hasbasoft\\Personal\\E-Commerce Web App\\ecommerce-webapp\\functions\\4112"}}
[debug] [2022-06-11T13:27:06.760Z] [worker-us-central1-api-f023e6fb-0ae5-4aa9-bbe3-f15dc6d45a73]: BUSY {"metadata":{"emulator":{"name":"functions"},"message":"[worker-us-central1-api-f023e6fb-0ae5-4aa9-bbe3-f15dc6d45a73]: BUSY"}}
[debug] [2022-06-11T13:27:08.464Z] [runtime-status] [4112] Functions runtime initialized. {"cwd":"D:\\All Files\\Hasbasoft\\Personal\\E-Commerce Web App\\ecommerce-webapp\\functions","node_version":"16.13.2"} {"metadata":{"emulator":{"name":"functions"},"function":{"name":"us-central1-api"},"extension":{},"message":"[runtime-status] [4112] Functions runtime initialized. {\"cwd\":\"D:\\\\All Files\\\\Hasbasoft\\\\Personal\\\\E-Commerce Web App\\\\ecommerce-webapp\\\\functions\",\"node_version\":\"16.13.2\"}"}}
[debug] [2022-06-11T13:27:08.465Z] [runtime-status] [4112] Disabled runtime features: undefined {"metadata":{"emulator":{"name":"functions"},"function":{"name":"us-central1-api"},"extension":{},"message":"[runtime-status] [4112] Disabled runtime features: undefined"}}
[debug] [2022-06-11T13:27:08.469Z] [runtime-status] [4112] Resolved module firebase-admin {"declared":true,"installed":true,"version":"10.3.0","resolution":"D:\\All Files\\Hasbasoft\\Personal\\E-Commerce Web App\\ecommerce-webapp\\functions\\node_modules\\firebase-admin\\lib\\index.js"} {"metadata":{"emulator":{"name":"functions"},"function":{"name":"us-central1-api"},"extension":{},"message":"[runtime-status] [4112] Resolved module firebase-admin {\"declared\":true,\"installed\":true,\"version\":\"10.3.0\",\"resolution\":\"D:\\\\All Files\\\\Hasbasoft\\\\Personal\\\\E-Commerce Web App\\\\ecommerce-webapp\\\\functions\\\\node_modules\\\\firebase-admin\\\\lib\\\\index.js\"}"}}
[debug] [2022-06-11T13:27:08.471Z] [runtime-status] [4112] Resolved module firebase-functions {"declared":true,"installed":true,"version":"3.21.2","resolution":"D:\\All Files\\Hasbasoft\\Personal\\E-Commerce Web App\\ecommerce-webapp\\functions\\node_modules\\firebase-functions\\lib\\index.js"} {"metadata":{"emulator":{"name":"functions"},"function":{"name":"us-central1-api"},"extension":{},"message":"[runtime-status] [4112] Resolved module firebase-functions {\"declared\":true,\"installed\":true,\"version\":\"3.21.2\",\"resolution\":\"D:\\\\All Files\\\\Hasbasoft\\\\Personal\\\\E-Commerce Web App\\\\ecommerce-webapp\\\\functions\\\\node_modules\\\\firebase-functions\\\\lib\\\\index.js\"}"}}
[debug] [2022-06-11T13:27:08.471Z] [runtime-status] [4112] Outgoing network have been stubbed. [{"name":"http","status":"mocked"},{"name":"http","status":"mocked"},{"name":"https","status":"mocked"},{"name":"https","status":"mocked"},{"name":"net","status":"mocked"}] {"metadata":{"emulator":{"name":"functions"},"function":{"name":"us-central1-api"},"extension":{},"message":"[runtime-status] [4112] Outgoing network have been stubbed. [{\"name\":\"http\",\"status\":\"mocked\"},{\"name\":\"http\",\"status\":\"mocked\"},{\"name\":\"https\",\"status\":\"mocked\"},{\"name\":\"https\",\"status\":\"mocked\"},{\"name\":\"net\",\"status\":\"mocked\"}]"}}
[debug] [2022-06-11T13:27:08.472Z] [runtime-status] [4112] Resolved module firebase-functions {"declared":true,"installed":true,"version":"3.21.2","resolution":"D:\\All Files\\Hasbasoft\\Personal\\E-Commerce Web App\\ecommerce-webapp\\functions\\node_modules\\firebase-functions\\lib\\index.js"} {"metadata":{"emulator":{"name":"functions"},"function":{"name":"us-central1-api"},"extension":{},"message":"[runtime-status] [4112] Resolved module firebase-functions {\"declared\":true,\"installed\":true,\"version\":\"3.21.2\",\"resolution\":\"D:\\\\All Files\\\\Hasbasoft\\\\Personal\\\\E-Commerce Web App\\\\ecommerce-webapp\\\\functions\\\\node_modules\\\\firebase-functions\\\\lib\\\\index.js\"}"}}
[debug] [2022-06-11T13:27:08.556Z] [runtime-status] [4112] Checked functions.config() {"config":{}} {"metadata":{"emulator":{"name":"functions"},"function":{"name":"us-central1-api"},"extension":{},"message":"[runtime-status] [4112] Checked functions.config() {\"config\":{}}"}}
[debug] [2022-06-11T13:27:08.557Z] [runtime-status] [4112] firebase-functions has been stubbed. {"functionsResolution":{"declared":true,"installed":true,"version":"3.21.2","resolution":"D:\\All Files\\Hasbasoft\\Personal\\E-Commerce Web App\\ecommerce-webapp\\functions\\node_modules\\firebase-functions\\lib\\index.js"}} {"metadata":{"emulator":{"name":"functions"},"function":{"name":"us-central1-api"},"extension":{},"message":"[runtime-status] [4112] firebase-functions has been stubbed. {\"functionsResolution\":{\"declared\":true,\"installed\":true,\"version\":\"3.21.2\",\"resolution\":\"D:\\\\All Files\\\\Hasbasoft\\\\Personal\\\\E-Commerce Web App\\\\ecommerce-webapp\\\\functions\\\\node_modules\\\\firebase-functions\\\\lib\\\\index.js\"}}"}}
[debug] [2022-06-11T13:27:08.558Z] [runtime-status] [4112] Resolved module firebase-functions {"declared":true,"installed":true,"version":"3.21.2","resolution":"D:\\All Files\\Hasbasoft\\Personal\\E-Commerce Web App\\ecommerce-webapp\\functions\\node_modules\\firebase-functions\\lib\\index.js"} {"metadata":{"emulator":{"name":"functions"},"function":{"name":"us-central1-api"},"extension":{},"message":"[runtime-status] [4112] Resolved module firebase-functions {\"declared\":true,\"installed\":true,\"version\":\"3.21.2\",\"resolution\":\"D:\\\\All Files\\\\Hasbasoft\\\\Personal\\\\E-Commerce Web App\\\\ecommerce-webapp\\\\functions\\\\node_modules\\\\firebase-functions\\\\lib\\\\index.js\"}"}}
[debug] [2022-06-11T13:27:08.560Z] [runtime-status] [4112] Resolved module firebase-admin {"declared":true,"installed":true,"version":"10.3.0","resolution":"D:\\All Files\\Hasbasoft\\Personal\\E-Commerce Web App\\ecommerce-webapp\\functions\\node_modules\\firebase-admin\\lib\\index.js"} {"metadata":{"emulator":{"name":"functions"},"function":{"name":"us-central1-api"},"extension":{},"message":"[runtime-status] [4112] Resolved module firebase-admin {\"declared\":true,\"installed\":true,\"version\":\"10.3.0\",\"resolution\":\"D:\\\\All Files\\\\Hasbasoft\\\\Personal\\\\E-Commerce Web App\\\\ecommerce-webapp\\\\functions\\\\node_modules\\\\firebase-admin\\\\lib\\\\index.js\"}"}}
[debug] [2022-06-11T13:27:08.561Z] [runtime-status] [4112] Resolved module firebase-functions {"declared":true,"installed":true,"version":"3.21.2","resolution":"D:\\All Files\\Hasbasoft\\Personal\\E-Commerce Web App\\ecommerce-webapp\\functions\\node_modules\\firebase-functions\\lib\\index.js"} {"metadata":{"emulator":{"name":"functions"},"function":{"name":"us-central1-api"},"extension":{},"message":"[runtime-status] [4112] Resolved module firebase-functions {\"declared\":true,\"installed\":true,\"version\":\"3.21.2\",\"resolution\":\"D:\\\\All Files\\\\Hasbasoft\\\\Personal\\\\E-Commerce Web App\\\\ecommerce-webapp\\\\functions\\\\node_modules\\\\firebase-functions\\\\lib\\\\index.js\"}"}}
[debug] [2022-06-11T13:27:08.561Z] [runtime-status] [4112] firebase-admin has been stubbed. {"adminResolution":{"declared":true,"installed":true,"version":"10.3.0","resolution":"D:\\All Files\\Hasbasoft\\Personal\\E-Commerce Web App\\ecommerce-webapp\\functions\\node_modules\\firebase-admin\\lib\\index.js"}} {"metadata":{"emulator":{"name":"functions"},"function":{"name":"us-central1-api"},"extension":{},"message":"[runtime-status] [4112] firebase-admin has been stubbed. {\"adminResolution\":{\"declared\":true,\"installed\":true,\"version\":\"10.3.0\",\"resolution\":\"D:\\\\All Files\\\\Hasbasoft\\\\Personal\\\\E-Commerce Web App\\\\ecommerce-webapp\\\\functions\\\\node_modules\\\\firebase-admin\\\\lib\\\\index.js\"}}"}}
[debug] [2022-06-11T13:27:08.772Z] [runtime-status] [4112] Beginning invocation function api! {"metadata":{"emulator":{"name":"functions"},"function":{"name":"us-central1-api"},"extension":{},"message":"[runtime-status] [4112] Beginning invocation function api!"}}
[info] i  functions: Beginning execution of "api" {"metadata":{"emulator":{"name":"functions"},"function":{"name":"us-central1-api"},"extension":{},"message":"Beginning execution of \"api\""}}
[debug] [2022-06-11T13:27:08.776Z] [runtime-status] [4112] Running api in signature http {"metadata":{"emulator":{"name":"functions"},"function":{"name":"us-central1-api"},"extension":{},"message":"[runtime-status] [4112] Running api in signature http"}}
[debug] [2022-06-11T13:27:08.776Z] [runtime-status] [4112] Attempting to listen to socketPath: \\?\pipe\D:\All Files\Hasbasoft\Personal\E-Commerce Web App\ecommerce-webapp\functions\4112 {"metadata":{"emulator":{"name":"functions"},"function":{"name":"us-central1-api"},"extension":{},"message":"[runtime-status] [4112] Attempting to listen to socketPath: \\\\?\\pipe\\D:\\All Files\\Hasbasoft\\Personal\\E-Commerce Web App\\ecommerce-webapp\\functions\\4112"}}
[debug] [2022-06-11T13:27:08.781Z] [functions] Runtime ready! Sending request! {"metadata":{"emulator":{"name":"functions"},"message":"[functions] Runtime ready! Sending request!"}}
[debug] [2022-06-11T13:27:08.782Z] [functions] Got req.url=/ecommerce-webapp-c76ae/us-central1/api, mapping to path=/ {"metadata":{"emulator":{"name":"functions"},"message":"[functions] Got req.url=/ecommerce-webapp-c76ae/us-central1/api, mapping to path=/"}}
[debug] [2022-06-11T13:27:08.789Z] [runtime-status] [4112] Ephemeral server handling GET request {"metadata":{"emulator":{"name":"functions"},"function":{"name":"us-central1-api"},"extension":{},"message":"[runtime-status] [4112] Ephemeral server handling GET request"}}
[debug] [2022-06-11T13:27:08.796Z] [runtime-status] [4112] Ephemeral server survived. {"metadata":{"emulator":{"name":"functions"},"function":{"name":"us-central1-api"},"extension":{},"message":"[runtime-status] [4112] Ephemeral server survived."}}
[info] i  functions: Finished "api" in ~1s {"metadata":{"emulator":{"name":"functions"},"function":{"name":"us-central1-api"},"extension":{},"message":"Finished \"api\" in ~1s"}}
[debug] [2022-06-11T13:27:08.803Z] [worker-us-central1-api-f023e6fb-0ae5-4aa9-bbe3-f15dc6d45a73]: IDLE {"metadata":{"emulator":{"name":"functions"},"message":"[worker-us-central1-api-f023e6fb-0ae5-4aa9-bbe3-f15dc6d45a73]: IDLE"}}
[debug] [2022-06-11T13:27:08.803Z] [work-queue] {"queueLength":0,"workRunningCount":0}
